PARAM_DD_INFO_LENGTH: 	 	1
PARAM_DD_VERSION: 	 	1
PARAM_DD_RETRIES: 	 	1
PARAM_DD_TIMEOUT: 	 	1
PARAM_DD_INFO: 	 	1
PARAM_MIN_BLOCK: 	 	0
PARAM_NUM_MIN_BLOCK: 	 	0
PARAM_SKIP_AT_ONCE_BLK: 	 	0
PARAM_NUM_OF_STRIPS_PER_CLR: 	 	0
PARAM_CONT_CLEARS: 	 	0
PARAM_ANTI_BLOOMING: 	 	0
PARAM_LOGIC_OUTPUT: 	 	0
PARAM_EDGE_TRIGGER: 	 	0
PARAM_INTENSIFIER_GAIN: 	 	0
PARAM_SHTR_GATE_MODE: 	 	0
PARAM_ADC_OFFSET: 	 	1
PARAM_CHIP_NAME: 	 	1
PARAM_COOLING_MODE: 	 	1
PARAM_PREAMP_DELAY: 	 	1
PARAM_PREFLASH: 	 	1
PARAM_COLOR_MODE: 	 	1
PARAM_MPP_CAPABLE: 	 	1
PARAM_PREAMP_OFF_CONTROL: 	 	1
PARAM_SERIAL_NUM: 	 	1
PARAM_PREMASK: 	 	1
PARAM_PRESCAN: 	 	1
PARAM_POSTMASK: 	 	1
PARAM_POSTSCAN: 	 	1
PARAM_PIX_PAR_DIST: 	 	1
PARAM_PIX_PAR_SIZE: 	 	1
PARAM_PIX_SER_DIST: 	 	1
PARAM_PIX_SER_SIZE: 	 	1
PARAM_SUMMING_WELL: 	 	0
PARAM_FWELL_CAPACITY: 	 	1
PARAM_PAR_SIZE: 	 	1
PARAM_SER_SIZE: 	 	1
PARAM_ACCUM_CAPABLE: 	 	0
PARAM_FLASH_DWNLD_CAPABLE: 	 	0
PARAM_CONTROLLER_ALIVE: 	 	0
PARAM_READOUT_TIME: 	 	0
PARAM_CLEAR_CYCLES: 	 	1
PARAM_CLEAR_MODE: 	 	1
PARAM_FRAME_CAPABLE: 	 	0
PARAM_PMODE: 	 	1
PARAM_CCS_STATUS: 	 	1
PARAM_TEMP: 	 	1
PARAM_TEMP_SETPOINT: 	 	1
PARAM_CAM_FW_VERSION: 	 	1
PARAM_HEAD_SER_NUM_ALPHA: 	 	0
PARAM_PCI_FW_VERSION: 	 	1
PARAM_CAM_FW_FULL_VERSION: 	 	0
PARAM_EXPOSURE_MODE: 	 	1
PARAM_BIT_DEPTH: 	 	1
PARAM_GAIN_INDEX: 	 	1
PARAM_SPDTAB_INDEX: 	 	1
PARAM_READOUT_PORT: 	 	1
PARAM_PIX_TIME: 	 	1
PARAM_SHTR_CLOSE_DELAY: 	 	1
PARAM_SHTR_OPEN_DELAY: 	 	1
PARAM_SHTR_OPEN_MODE: 	 	1
PARAM_SHTR_STATUS: 	 	1
PARAM_SHTR_CLOSE_DELAY_UNIT: 	 	0
PARAM_IO_ADDR: 	 	0
PARAM_IO_TYPE: 	 	0
PARAM_IO_DIRECTION: 	 	0
PARAM_IO_STATE: 	 	0
PARAM_IO_BITDEPTH: 	 	0
PARAM_GAIN_MULT_FACTOR: 	 	0
PARAM_GAIN_MULT_ENABLE: 	 	0
PARAM_PP_FEAT_NAME: 	 	0
PARAM_PP_INDEX: 	 	0
PARAM_ACTUAL_GAIN: 	 	0
PARAM_PP_PARAM_INDEX: 	 	0
PARAM_PP_PARAM_NAME: 	 	0
PARAM_PP_PARAM: 	 	0
PARAM_READ_NOISE: 	 	0
PARAM_PP_FEAT_ID: 	 	0
PARAM_PP_PARAM_ID: 	 	0
PARAM_EXP_TIME: 	 	1
PARAM_EXP_RES: 	 	1
PARAM_EXP_MIN_TIME: 	 	0
PARAM_EXP_RES_INDEX: 	 	0
PARAM_BOF_EOF_ENABLE: 	 	1
PARAM_BOF_EOF_COUNT: 	 	1
PARAM_BOF_EOF_CLR: 	 	1
PARAM_CIRC_BUFFER: 	 	1
PARAM_HW_AUTOSTOP: 	 	0
